2023-10-08 20:15:40,725 - __main__ - INFO - [1] Environment file has been loaded
2023-10-08 20:15:40,725 - AppController - INFO - Social Media Analytics App Controller has been called
2023-10-08 20:15:40,725 - AppController - INFO - Social Media Plaform currently supporting
2023-10-08 20:15:40,725 - AppController - INFO - App Name: TiktokService
2023-10-08 20:15:40,730 - AppFacade - INFO - Social Media Analytics Facade has been called
2023-10-08 20:15:40,730 - AppFacade - INFO - Analytics Stated for App Name:TiktokService
2023-10-08 20:15:49,240 - TiktokService - INFO - Tiktok scraping session estabilished
2023-10-08 20:15:50,194 - TiktokService - INFO - Tiktok Scraping in progress...current count is 0
2023-10-08 20:15:50,194 - TiktokService - INFO - Location not found in the input string.
2023-10-08 20:15:50,194 - TiktokService - INFO - Tiktok Scraping in progress...current count is 1
2023-10-08 20:15:50,194 - TiktokService - INFO - Location not found in the input string.
2023-10-08 20:15:50,194 - TiktokService - INFO - Tiktok Scraping in progress...current count is 2
2023-10-08 20:15:50,194 - TiktokService - INFO - Location not found in the input string.
2023-10-08 20:15:50,194 - TiktokService - INFO - Tiktok Scraping in progress...current count is 3
2023-10-08 20:15:50,194 - TiktokService - INFO - Location not found in the input string.
2023-10-08 20:15:50,194 - TiktokService - INFO - Tiktok Scraping in progress...current count is 4
2023-10-08 20:15:50,194 - TiktokService - INFO - Location not found in the input string.
2023-10-08 20:15:50,194 - TiktokService - INFO - Tiktok Scraping in progress...current count is 5
2023-10-08 20:15:50,194 - TiktokService - INFO - Location not found in the input string.
2023-10-08 20:15:50,194 - TiktokService - INFO - Tiktok Scraping in progress...current count is 6
2023-10-08 20:15:50,194 - TiktokService - INFO - Location not found in the input string.
2023-10-08 20:15:50,203 - TiktokService - INFO - Tiktok Scraping in progress...current count is 7
2023-10-08 20:15:50,203 - TiktokService - INFO - Location not found in the input string.
2023-10-08 20:15:50,203 - TiktokService - INFO - Tiktok Scraping in progress...current count is 8
2023-10-08 20:15:50,203 - TiktokService - INFO - Location not found in the input string.
2023-10-08 20:15:50,203 - TiktokService - INFO - Tiktok Scraping in progress...current count is 9
2023-10-08 20:15:50,203 - TiktokService - INFO - Location not found in the input string.
2023-10-08 20:15:50,203 - TiktokService - INFO - Tiktok Scraping in progress...current count is 10
2023-10-08 20:15:50,203 - TiktokService - INFO - Location not found in the input string.
2023-10-08 20:15:50,203 - TiktokService - INFO - Tiktok Scraping in progress...current count is 11
2023-10-08 20:15:50,203 - TiktokService - INFO - Location not found in the input string.
2023-10-08 20:15:50,203 - TiktokService - INFO - Tiktok Scraping in progress...current count is 12
2023-10-08 20:15:50,203 - TiktokService - INFO - Location not found in the input string.
2023-10-08 20:15:50,203 - TiktokService - INFO - Tiktok Scraping in progress...current count is 13
2023-10-08 20:15:50,203 - TiktokService - INFO - Location not found in the input string.
2023-10-08 20:15:50,203 - TiktokService - INFO - Tiktok Scraping in progress...current count is 14
2023-10-08 20:15:50,203 - TiktokService - INFO - Location not found in the input string.
2023-10-08 20:15:50,203 - TiktokService - INFO - Tiktok Scraping in progress...current count is 15
2023-10-08 20:15:50,203 - TiktokService - INFO - Location not found in the input string.
2023-10-08 20:15:50,203 - TiktokService - INFO - Tiktok Scraping in progress...current count is 16
2023-10-08 20:15:50,203 - TiktokService - INFO - Location not found in the input string.
2023-10-08 20:15:50,203 - TiktokService - INFO - Tiktok Scraping in progress...current count is 17
2023-10-08 20:15:50,203 - TiktokService - INFO - Location not found in the input string.
2023-10-08 20:15:50,203 - TiktokService - INFO - Tiktok Scraping in progress...current count is 18
2023-10-08 20:15:50,203 - TiktokService - INFO - Location not found in the input string.
2023-10-08 20:15:50,203 - TiktokService - INFO - Tiktok Scraping in progress...current count is 19
2023-10-08 20:15:50,203 - TiktokService - INFO - Location not found in the input string.
2023-10-08 20:15:50,203 - TiktokService - INFO - Tiktok Scraping in progress...current count is 20
2023-10-08 20:15:50,203 - TiktokService - INFO - Location not found in the input string.
2023-10-08 20:15:50,203 - TiktokService - INFO - Tiktok Scraping in progress...current count is 21
2023-10-08 20:15:50,203 - TiktokService - INFO - Location not found in the input string.
2023-10-08 20:15:50,203 - TiktokService - INFO - Tiktok Scraping in progress...current count is 22
2023-10-08 20:15:50,203 - TiktokService - INFO - Location not found in the input string.
2023-10-08 20:15:50,203 - TiktokService - INFO - Tiktok Scraping in progress...current count is 23
2023-10-08 20:15:50,211 - TiktokService - INFO - Location not found in the input string.
2023-10-08 20:15:50,211 - TiktokService - INFO - Tiktok Scraping in progress...current count is 24
2023-10-08 20:15:50,211 - TiktokService - INFO - Location found in the desc:a pre game lobby, on their way to Verdansk 
2023-10-08 20:15:50,211 - TiktokService - INFO - Tiktok post contains Geolocation data
2023-10-08 20:15:50,211 - TiktokService - INFO - Geo Location API Secret Key Retrieved
2023-10-08 20:15:50,211 - TiktokService - INFO - Geo Location API URL https://api.geoapify.com/v1/geocode/search?format=json&text=%7B%27a+pre+game+lobby%2C+on+their+way+to+Verdansk+%27%7D&apiKey=%7B%22%271b48259b810e48ddb151889f9ea58db0%27%22%7D
2023-10-08 20:15:50,938 - TiktokService - INFO - No Geolocation data found in the API response
2023-10-08 20:15:51,219 - AppFacade - INFO - Analytics Finished for App Name: TiktokService total results 1
2023-10-08 20:15:51,219 - AppController - INFO - Social Media Analytics Result Size 1
